<?xml version="1.0" encoding="UTF-8"?>
<testsuite xmlns:xsi="http://www.w3.org/2001/XMLSchema-instance" xsi:noNamespaceSchemaLocation="https://maven.apache.org/surefire/maven-surefire-plugin/xsd/surefire-test-report.xsd" name="com.baeldung.SpringContextTest" time="1.198" tests="1" errors="0" skipped="0" failures="0">
  <properties>
    <property name="gopherProxySet" value="false"/>
    <property name="awt.toolkit" value="sun.lwawt.macosx.LWCToolkit"/>
    <property name="file.encoding.pkg" value="sun.io"/>
    <property name="java.specification.version" value="1.8"/>
    <property name="sun.cpu.isalist" value=""/>
    <property name="sun.jnu.encoding" value="UTF-8"/>
    <property name="java.class.path" value="/Users/junaidkhan/Downloads/tutorials-master/spring-mvc-simple/target/test-classes:/Users/junaidkhan/Downloads/tutorials-master/spring-mvc-simple/target/classes:/Users/junaidkhan/.m2/repository/org/springframework/spring-oxm/5.1.4.RELEASE/spring-oxm-5.1.4.RELEASE.jar:/Users/junaidkhan/.m2/repository/org/springframework/spring-beans/5.1.4.RELEASE/spring-beans-5.1.4.RELEASE.jar:/Users/junaidkhan/.m2/repository/com/sun/mail/javax.mail/1.6.1/javax.mail-1.6.1.jar:/Users/junaidkhan/.m2/repository/javax/activation/activation/1.1/activation-1.1.jar:/Users/junaidkhan/.m2/repository/javax/servlet/javax.servlet-api/4.0.0/javax.servlet-api-4.0.0.jar:/Users/junaidkhan/.m2/repository/org/springframework/spring-context-support/5.1.4.RELEASE/spring-context-support-5.1.4.RELEASE.jar:/Users/junaidkhan/.m2/repository/org/springframework/spring-context/5.1.4.RELEASE/spring-context-5.1.4.RELEASE.jar:/Users/junaidkhan/.m2/repository/javax/servlet/jsp/javax.servlet.jsp-api/2.3.2-b02/javax.servlet.jsp-api-2.3.2-b02.jar:/Users/junaidkhan/.m2/repository/javax/servlet/jstl/1.2/jstl-1.2.jar:/Users/junaidkhan/.m2/repository/org/hibernate/validator/hibernate-validator/6.0.10.Final/hibernate-validator-6.0.10.Final.jar:/Users/junaidkhan/.m2/repository/javax/validation/validation-api/2.0.1.Final/validation-api-2.0.1.Final.jar:/Users/junaidkhan/.m2/repository/org/jboss/logging/jboss-logging/3.3.2.Final/jboss-logging-3.3.2.Final.jar:/Users/junaidkhan/.m2/repository/com/fasterxml/classmate/1.3.4/classmate-1.3.4.jar:/Users/junaidkhan/.m2/repository/commons-fileupload/commons-fileupload/1.3.2/commons-fileupload-1.3.2.jar:/Users/junaidkhan/.m2/repository/commons-io/commons-io/2.2/commons-io-2.2.jar:/Users/junaidkhan/.m2/repository/org/springframework/spring-webmvc/5.1.4.RELEASE/spring-webmvc-5.1.4.RELEASE.jar:/Users/junaidkhan/.m2/repository/org/springframework/spring-aop/5.1.4.RELEASE/spring-aop-5.1.4.RELEASE.jar:/Users/junaidkhan/.m2/repository/org/springframework/spring-expression/5.1.4.RELEASE/spring-expression-5.1.4.RELEASE.jar:/Users/junaidkhan/.m2/repository/org/springframework/spring-web/5.1.4.RELEASE/spring-web-5.1.4.RELEASE.jar:/Users/junaidkhan/.m2/repository/org/springframework/spring-tx/5.1.4.RELEASE/spring-tx-5.1.4.RELEASE.jar:/Users/junaidkhan/.m2/repository/org/thymeleaf/thymeleaf/3.0.7.RELEASE/thymeleaf-3.0.7.RELEASE.jar:/Users/junaidkhan/.m2/repository/ognl/ognl/3.1.12/ognl-3.1.12.jar:/Users/junaidkhan/.m2/repository/org/javassist/javassist/3.20.0-GA/javassist-3.20.0-GA.jar:/Users/junaidkhan/.m2/repository/org/attoparser/attoparser/2.0.4.RELEASE/attoparser-2.0.4.RELEASE.jar:/Users/junaidkhan/.m2/repository/org/unbescape/unbescape/1.1.5.RELEASE/unbescape-1.1.5.RELEASE.jar:/Users/junaidkhan/.m2/repository/org/thymeleaf/thymeleaf-spring4/3.0.7.RELEASE/thymeleaf-spring4-3.0.7.RELEASE.jar:/Users/junaidkhan/.m2/repository/org/freemarker/freemarker/2.3.27-incubating/freemarker-2.3.27-incubating.jar:/Users/junaidkhan/.m2/repository/org/codehaus/groovy/groovy-templates/2.4.12/groovy-templates-2.4.12.jar:/Users/junaidkhan/.m2/repository/org/codehaus/groovy/groovy/2.4.12/groovy-2.4.12.jar:/Users/junaidkhan/.m2/repository/org/codehaus/groovy/groovy-xml/2.4.12/groovy-xml-2.4.12.jar:/Users/junaidkhan/.m2/repository/de/neuland-bfi/spring-jade4j/1.2.5/spring-jade4j-1.2.5.jar:/Users/junaidkhan/.m2/repository/de/neuland-bfi/jade4j/1.2.5/jade4j-1.2.5.jar:/Users/junaidkhan/.m2/repository/org/apache/commons/commons-jexl/2.1.1/commons-jexl-2.1.1.jar:/Users/junaidkhan/.m2/repository/commons-logging/commons-logging/1.1.1/commons-logging-1.1.1.jar:/Users/junaidkhan/.m2/repository/commons-collections/commons-collections/3.2.2/commons-collections-3.2.2.jar:/Users/junaidkhan/.m2/repository/org/apache/commons/commons-lang3/3.4/commons-lang3-3.4.jar:/Users/junaidkhan/.m2/repository/com/googlecode/concurrentlinkedhashmap/concurrentlinkedhashmap-lru/1.4.2/concurrentlinkedhashmap-lru-1.4.2.jar:/Users/junaidkhan/.m2/repository/org/pegdown/pegdown/1.6.0/pegdown-1.6.0.jar:/Users/junaidkhan/.m2/repository/org/parboiled/parboiled-java/1.1.7/parboiled-java-1.1.7.jar:/Users/junaidkhan/.m2/repository/org/parboiled/parboiled-core/1.1.7/parboiled-core-1.1.7.jar:/Users/junaidkhan/.m2/repository/org/ow2/asm/asm/5.0.3/asm-5.0.3.jar:/Users/junaidkhan/.m2/repository/org/ow2/asm/asm-tree/5.0.3/asm-tree-5.0.3.jar:/Users/junaidkhan/.m2/repository/org/ow2/asm/asm-analysis/5.0.3/asm-analysis-5.0.3.jar:/Users/junaidkhan/.m2/repository/org/ow2/asm/asm-util/5.0.3/asm-util-5.0.3.jar:/Users/junaidkhan/.m2/repository/org/apache/tiles/tiles-jsp/3.0.8/tiles-jsp-3.0.8.jar:/Users/junaidkhan/.m2/repository/org/apache/tiles/tiles-servlet/3.0.8/tiles-servlet-3.0.8.jar:/Users/junaidkhan/.m2/repository/org/apache/tiles/tiles-core/3.0.8/tiles-core-3.0.8.jar:/Users/junaidkhan/.m2/repository/commons-digester/commons-digester/2.0/commons-digester-2.0.jar:/Users/junaidkhan/.m2/repository/commons-beanutils/commons-beanutils/1.8.0/commons-beanutils-1.8.0.jar:/Users/junaidkhan/.m2/repository/org/apache/tiles/tiles-request-servlet/1.0.7/tiles-request-servlet-1.0.7.jar:/Users/junaidkhan/.m2/repository/org/apache/tiles/tiles-template/3.0.8/tiles-template-3.0.8.jar:/Users/junaidkhan/.m2/repository/org/apache/tiles/tiles-api/3.0.8/tiles-api-3.0.8.jar:/Users/junaidkhan/.m2/repository/org/apache/tiles/tiles-autotag-core-runtime/1.2/tiles-autotag-core-runtime-1.2.jar:/Users/junaidkhan/.m2/repository/org/apache/tiles/tiles-request-jsp/1.0.7/tiles-request-jsp-1.0.7.jar:/Users/junaidkhan/.m2/repository/org/apache/tiles/tiles-request-api/1.0.7/tiles-request-api-1.0.7.jar:/Users/junaidkhan/.m2/repository/org/springframework/spring-test/5.1.4.RELEASE/spring-test-5.1.4.RELEASE.jar:/Users/junaidkhan/.m2/repository/com/rometools/rome/1.9.0/rome-1.9.0.jar:/Users/junaidkhan/.m2/repository/com/rometools/rome-utils/1.9.0/rome-utils-1.9.0.jar:/Users/junaidkhan/.m2/repository/org/jdom/jdom2/2.0.6/jdom2-2.0.6.jar:/Users/junaidkhan/.m2/repository/com/thoughtworks/xstream/xstream/1.4.9/xstream-1.4.9.jar:/Users/junaidkhan/.m2/repository/xmlpull/xmlpull/1.1.3.1/xmlpull-1.1.3.1.jar:/Users/junaidkhan/.m2/repository/xpp3/xpp3_min/1.1.4c/xpp3_min-1.1.4c.jar:/Users/junaidkhan/.m2/repository/com/github/scribejava/scribejava-apis/5.1.0/scribejava-apis-5.1.0.jar:/Users/junaidkhan/.m2/repository/com/github/scribejava/scribejava-core/5.1.0/scribejava-core-5.1.0.jar:/Users/junaidkhan/.m2/repository/org/json/json/20180130/json-20180130.jar:/Users/junaidkhan/.m2/repository/org/apache/maven/surefire/surefire-logger-api/2.21.0/surefire-logger-api-2.21.0.jar:/Users/junaidkhan/.m2/repository/org/springframework/spring-core/5.1.4.RELEASE/spring-core-5.1.4.RELEASE.jar:/Users/junaidkhan/.m2/repository/org/springframework/spring-jcl/5.1.4.RELEASE/spring-jcl-5.1.4.RELEASE.jar:/Users/junaidkhan/.m2/repository/org/junit/jupiter/junit-jupiter-engine/5.2.0/junit-jupiter-engine-5.2.0.jar:/Users/junaidkhan/.m2/repository/org/apiguardian/apiguardian-api/1.0.0/apiguardian-api-1.0.0.jar:/Users/junaidkhan/.m2/repository/org/junit/platform/junit-platform-engine/1.2.0/junit-platform-engine-1.2.0.jar:/Users/junaidkhan/.m2/repository/org/slf4j/slf4j-api/1.7.21/slf4j-api-1.7.21.jar:/Users/junaidkhan/.m2/repository/ch/qos/logback/logback-classic/1.1.7/logback-classic-1.1.7.jar:/Users/junaidkhan/.m2/repository/ch/qos/logback/logback-core/1.1.7/logback-core-1.1.7.jar:/Users/junaidkhan/.m2/repository/org/slf4j/jcl-over-slf4j/1.7.21/jcl-over-slf4j-1.7.21.jar:/Users/junaidkhan/.m2/repository/junit/junit/4.12/junit-4.12.jar:/Users/junaidkhan/.m2/repository/org/junit/jupiter/junit-jupiter-params/5.2.0/junit-jupiter-params-5.2.0.jar:/Users/junaidkhan/.m2/repository/org/junit/jupiter/junit-jupiter-api/5.2.0/junit-jupiter-api-5.2.0.jar:/Users/junaidkhan/.m2/repository/org/opentest4j/opentest4j/1.1.0/opentest4j-1.1.0.jar:/Users/junaidkhan/.m2/repository/org/junit/platform/junit-platform-commons/1.2.0/junit-platform-commons-1.2.0.jar:/Users/junaidkhan/.m2/repository/org/hamcrest/hamcrest-core/1.3/hamcrest-core-1.3.jar:/Users/junaidkhan/.m2/repository/org/hamcrest/hamcrest-library/1.3/hamcrest-library-1.3.jar:/Users/junaidkhan/.m2/repository/org/hamcrest/hamcrest-all/1.3/hamcrest-all-1.3.jar:/Users/junaidkhan/.m2/repository/org/mockito/mockito-core/2.21.0/mockito-core-2.21.0.jar:/Users/junaidkhan/.m2/repository/net/bytebuddy/byte-buddy/1.8.15/byte-buddy-1.8.15.jar:/Users/junaidkhan/.m2/repository/net/bytebuddy/byte-buddy-agent/1.8.15/byte-buddy-agent-1.8.15.jar:/Users/junaidkhan/.m2/repository/org/objenesis/objenesis/2.6/objenesis-2.6.jar:"/>
    <property name="java.vm.vendor" value="Oracle Corporation"/>
    <property name="sun.arch.data.model" value="64"/>
    <property name="java.vendor.url" value="http://java.oracle.com/"/>
    <property name="user.timezone" value=""/>
    <property name="java.vm.specification.version" value="1.8"/>
    <property name="os.name" value="Mac OS X"/>
    <property name="user.country" value="US"/>
    <property name="sun.java.launcher" value="SUN_STANDARD"/>
    <property name="sun.boot.library.path" value="/Library/Java/JavaVirtualMachines/jdk1.8.0_211.jdk/Contents/Home/jre/lib"/>
    <property name="sun.java.command" value="/Users/junaidkhan/Downloads/tutorials-master/spring-mvc-simple/target/surefire/surefirebooter7795611894872965053.jar /Users/junaidkhan/Downloads/tutorials-master/spring-mvc-simple/target/surefire 2019-08-07T14-57-29_078-jvmRun1 surefire2815541505964120752tmp surefire_02402217885340850399tmp"/>
    <property name="http.nonProxyHosts" value="local|*.local|169.254/16|*.169.254/16"/>
    <property name="surefire.test.class.path" value="/Users/junaidkhan/Downloads/tutorials-master/spring-mvc-simple/target/test-classes:/Users/junaidkhan/Downloads/tutorials-master/spring-mvc-simple/target/classes:/Users/junaidkhan/.m2/repository/org/springframework/spring-oxm/5.1.4.RELEASE/spring-oxm-5.1.4.RELEASE.jar:/Users/junaidkhan/.m2/repository/org/springframework/spring-beans/5.1.4.RELEASE/spring-beans-5.1.4.RELEASE.jar:/Users/junaidkhan/.m2/repository/com/sun/mail/javax.mail/1.6.1/javax.mail-1.6.1.jar:/Users/junaidkhan/.m2/repository/javax/activation/activation/1.1/activation-1.1.jar:/Users/junaidkhan/.m2/repository/javax/servlet/javax.servlet-api/4.0.0/javax.servlet-api-4.0.0.jar:/Users/junaidkhan/.m2/repository/org/springframework/spring-context-support/5.1.4.RELEASE/spring-context-support-5.1.4.RELEASE.jar:/Users/junaidkhan/.m2/repository/org/springframework/spring-context/5.1.4.RELEASE/spring-context-5.1.4.RELEASE.jar:/Users/junaidkhan/.m2/repository/javax/servlet/jsp/javax.servlet.jsp-api/2.3.2-b02/javax.servlet.jsp-api-2.3.2-b02.jar:/Users/junaidkhan/.m2/repository/javax/servlet/jstl/1.2/jstl-1.2.jar:/Users/junaidkhan/.m2/repository/org/hibernate/validator/hibernate-validator/6.0.10.Final/hibernate-validator-6.0.10.Final.jar:/Users/junaidkhan/.m2/repository/javax/validation/validation-api/2.0.1.Final/validation-api-2.0.1.Final.jar:/Users/junaidkhan/.m2/repository/org/jboss/logging/jboss-logging/3.3.2.Final/jboss-logging-3.3.2.Final.jar:/Users/junaidkhan/.m2/repository/com/fasterxml/classmate/1.3.4/classmate-1.3.4.jar:/Users/junaidkhan/.m2/repository/commons-fileupload/commons-fileupload/1.3.2/commons-fileupload-1.3.2.jar:/Users/junaidkhan/.m2/repository/commons-io/commons-io/2.2/commons-io-2.2.jar:/Users/junaidkhan/.m2/repository/org/springframework/spring-webmvc/5.1.4.RELEASE/spring-webmvc-5.1.4.RELEASE.jar:/Users/junaidkhan/.m2/repository/org/springframework/spring-aop/5.1.4.RELEASE/spring-aop-5.1.4.RELEASE.jar:/Users/junaidkhan/.m2/repository/org/springframework/spring-expression/5.1.4.RELEASE/spring-expression-5.1.4.RELEASE.jar:/Users/junaidkhan/.m2/repository/org/springframework/spring-web/5.1.4.RELEASE/spring-web-5.1.4.RELEASE.jar:/Users/junaidkhan/.m2/repository/org/springframework/spring-tx/5.1.4.RELEASE/spring-tx-5.1.4.RELEASE.jar:/Users/junaidkhan/.m2/repository/org/thymeleaf/thymeleaf/3.0.7.RELEASE/thymeleaf-3.0.7.RELEASE.jar:/Users/junaidkhan/.m2/repository/ognl/ognl/3.1.12/ognl-3.1.12.jar:/Users/junaidkhan/.m2/repository/org/javassist/javassist/3.20.0-GA/javassist-3.20.0-GA.jar:/Users/junaidkhan/.m2/repository/org/attoparser/attoparser/2.0.4.RELEASE/attoparser-2.0.4.RELEASE.jar:/Users/junaidkhan/.m2/repository/org/unbescape/unbescape/1.1.5.RELEASE/unbescape-1.1.5.RELEASE.jar:/Users/junaidkhan/.m2/repository/org/thymeleaf/thymeleaf-spring4/3.0.7.RELEASE/thymeleaf-spring4-3.0.7.RELEASE.jar:/Users/junaidkhan/.m2/repository/org/freemarker/freemarker/2.3.27-incubating/freemarker-2.3.27-incubating.jar:/Users/junaidkhan/.m2/repository/org/codehaus/groovy/groovy-templates/2.4.12/groovy-templates-2.4.12.jar:/Users/junaidkhan/.m2/repository/org/codehaus/groovy/groovy/2.4.12/groovy-2.4.12.jar:/Users/junaidkhan/.m2/repository/org/codehaus/groovy/groovy-xml/2.4.12/groovy-xml-2.4.12.jar:/Users/junaidkhan/.m2/repository/de/neuland-bfi/spring-jade4j/1.2.5/spring-jade4j-1.2.5.jar:/Users/junaidkhan/.m2/repository/de/neuland-bfi/jade4j/1.2.5/jade4j-1.2.5.jar:/Users/junaidkhan/.m2/repository/org/apache/commons/commons-jexl/2.1.1/commons-jexl-2.1.1.jar:/Users/junaidkhan/.m2/repository/commons-logging/commons-logging/1.1.1/commons-logging-1.1.1.jar:/Users/junaidkhan/.m2/repository/commons-collections/commons-collections/3.2.2/commons-collections-3.2.2.jar:/Users/junaidkhan/.m2/repository/org/apache/commons/commons-lang3/3.4/commons-lang3-3.4.jar:/Users/junaidkhan/.m2/repository/com/googlecode/concurrentlinkedhashmap/concurrentlinkedhashmap-lru/1.4.2/concurrentlinkedhashmap-lru-1.4.2.jar:/Users/junaidkhan/.m2/repository/org/pegdown/pegdown/1.6.0/pegdown-1.6.0.jar:/Users/junaidkhan/.m2/repository/org/parboiled/parboiled-java/1.1.7/parboiled-java-1.1.7.jar:/Users/junaidkhan/.m2/repository/org/parboiled/parboiled-core/1.1.7/parboiled-core-1.1.7.jar:/Users/junaidkhan/.m2/repository/org/ow2/asm/asm/5.0.3/asm-5.0.3.jar:/Users/junaidkhan/.m2/repository/org/ow2/asm/asm-tree/5.0.3/asm-tree-5.0.3.jar:/Users/junaidkhan/.m2/repository/org/ow2/asm/asm-analysis/5.0.3/asm-analysis-5.0.3.jar:/Users/junaidkhan/.m2/repository/org/ow2/asm/asm-util/5.0.3/asm-util-5.0.3.jar:/Users/junaidkhan/.m2/repository/org/apache/tiles/tiles-jsp/3.0.8/tiles-jsp-3.0.8.jar:/Users/junaidkhan/.m2/repository/org/apache/tiles/tiles-servlet/3.0.8/tiles-servlet-3.0.8.jar:/Users/junaidkhan/.m2/repository/org/apache/tiles/tiles-core/3.0.8/tiles-core-3.0.8.jar:/Users/junaidkhan/.m2/repository/commons-digester/commons-digester/2.0/commons-digester-2.0.jar:/Users/junaidkhan/.m2/repository/commons-beanutils/commons-beanutils/1.8.0/commons-beanutils-1.8.0.jar:/Users/junaidkhan/.m2/repository/org/apache/tiles/tiles-request-servlet/1.0.7/tiles-request-servlet-1.0.7.jar:/Users/junaidkhan/.m2/repository/org/apache/tiles/tiles-template/3.0.8/tiles-template-3.0.8.jar:/Users/junaidkhan/.m2/repository/org/apache/tiles/tiles-api/3.0.8/tiles-api-3.0.8.jar:/Users/junaidkhan/.m2/repository/org/apache/tiles/tiles-autotag-core-runtime/1.2/tiles-autotag-core-runtime-1.2.jar:/Users/junaidkhan/.m2/repository/org/apache/tiles/tiles-request-jsp/1.0.7/tiles-request-jsp-1.0.7.jar:/Users/junaidkhan/.m2/repository/org/apache/tiles/tiles-request-api/1.0.7/tiles-request-api-1.0.7.jar:/Users/junaidkhan/.m2/repository/org/springframework/spring-test/5.1.4.RELEASE/spring-test-5.1.4.RELEASE.jar:/Users/junaidkhan/.m2/repository/com/rometools/rome/1.9.0/rome-1.9.0.jar:/Users/junaidkhan/.m2/repository/com/rometools/rome-utils/1.9.0/rome-utils-1.9.0.jar:/Users/junaidkhan/.m2/repository/org/jdom/jdom2/2.0.6/jdom2-2.0.6.jar:/Users/junaidkhan/.m2/repository/com/thoughtworks/xstream/xstream/1.4.9/xstream-1.4.9.jar:/Users/junaidkhan/.m2/repository/xmlpull/xmlpull/1.1.3.1/xmlpull-1.1.3.1.jar:/Users/junaidkhan/.m2/repository/xpp3/xpp3_min/1.1.4c/xpp3_min-1.1.4c.jar:/Users/junaidkhan/.m2/repository/com/github/scribejava/scribejava-apis/5.1.0/scribejava-apis-5.1.0.jar:/Users/junaidkhan/.m2/repository/com/github/scribejava/scribejava-core/5.1.0/scribejava-core-5.1.0.jar:/Users/junaidkhan/.m2/repository/org/json/json/20180130/json-20180130.jar:/Users/junaidkhan/.m2/repository/org/apache/maven/surefire/surefire-logger-api/2.21.0/surefire-logger-api-2.21.0.jar:/Users/junaidkhan/.m2/repository/org/springframework/spring-core/5.1.4.RELEASE/spring-core-5.1.4.RELEASE.jar:/Users/junaidkhan/.m2/repository/org/springframework/spring-jcl/5.1.4.RELEASE/spring-jcl-5.1.4.RELEASE.jar:/Users/junaidkhan/.m2/repository/org/junit/jupiter/junit-jupiter-engine/5.2.0/junit-jupiter-engine-5.2.0.jar:/Users/junaidkhan/.m2/repository/org/apiguardian/apiguardian-api/1.0.0/apiguardian-api-1.0.0.jar:/Users/junaidkhan/.m2/repository/org/junit/platform/junit-platform-engine/1.2.0/junit-platform-engine-1.2.0.jar:/Users/junaidkhan/.m2/repository/org/slf4j/slf4j-api/1.7.21/slf4j-api-1.7.21.jar:/Users/junaidkhan/.m2/repository/ch/qos/logback/logback-classic/1.1.7/logback-classic-1.1.7.jar:/Users/junaidkhan/.m2/repository/ch/qos/logback/logback-core/1.1.7/logback-core-1.1.7.jar:/Users/junaidkhan/.m2/repository/org/slf4j/jcl-over-slf4j/1.7.21/jcl-over-slf4j-1.7.21.jar:/Users/junaidkhan/.m2/repository/junit/junit/4.12/junit-4.12.jar:/Users/junaidkhan/.m2/repository/org/junit/jupiter/junit-jupiter-params/5.2.0/junit-jupiter-params-5.2.0.jar:/Users/junaidkhan/.m2/repository/org/junit/jupiter/junit-jupiter-api/5.2.0/junit-jupiter-api-5.2.0.jar:/Users/junaidkhan/.m2/repository/org/opentest4j/opentest4j/1.1.0/opentest4j-1.1.0.jar:/Users/junaidkhan/.m2/repository/org/junit/platform/junit-platform-commons/1.2.0/junit-platform-commons-1.2.0.jar:/Users/junaidkhan/.m2/repository/org/hamcrest/hamcrest-core/1.3/hamcrest-core-1.3.jar:/Users/junaidkhan/.m2/repository/org/hamcrest/hamcrest-library/1.3/hamcrest-library-1.3.jar:/Users/junaidkhan/.m2/repository/org/hamcrest/hamcrest-all/1.3/hamcrest-all-1.3.jar:/Users/junaidkhan/.m2/repository/org/mockito/mockito-core/2.21.0/mockito-core-2.21.0.jar:/Users/junaidkhan/.m2/repository/net/bytebuddy/byte-buddy/1.8.15/byte-buddy-1.8.15.jar:/Users/junaidkhan/.m2/repository/net/bytebuddy/byte-buddy-agent/1.8.15/byte-buddy-agent-1.8.15.jar:/Users/junaidkhan/.m2/repository/org/objenesis/objenesis/2.6/objenesis-2.6.jar:"/>
    <property name="sun.cpu.endian" value="little"/>
    <property name="user.home" value="/Users/junaidkhan"/>
    <property name="user.language" value="en"/>
    <property name="java.specification.vendor" value="Oracle Corporation"/>
    <property name="java.home" value="/Library/Java/JavaVirtualMachines/jdk1.8.0_211.jdk/Contents/Home/jre"/>
    <property name="basedir" value="/Users/junaidkhan/Downloads/tutorials-master/spring-mvc-simple"/>
    <property name="file.separator" value="/"/>
    <property name="line.separator" value="&#10;"/>
    <property name="java.vm.specification.vendor" value="Oracle Corporation"/>
    <property name="java.specification.name" value="Java Platform API Specification"/>
    <property name="java.awt.graphicsenv" value="sun.awt.CGraphicsEnvironment"/>
    <property name="surefire.real.class.path" value="/Users/junaidkhan/Downloads/tutorials-master/spring-mvc-simple/target/surefire/surefirebooter7795611894872965053.jar"/>
    <property name="sun.boot.class.path" value="/Library/Java/JavaVirtualMachines/jdk1.8.0_211.jdk/Contents/Home/jre/lib/resources.jar:/Library/Java/JavaVirtualMachines/jdk1.8.0_211.jdk/Contents/Home/jre/lib/rt.jar:/Library/Java/JavaVirtualMachines/jdk1.8.0_211.jdk/Contents/Home/jre/lib/sunrsasign.jar:/Library/Java/JavaVirtualMachines/jdk1.8.0_211.jdk/Contents/Home/jre/lib/jsse.jar:/Library/Java/JavaVirtualMachines/jdk1.8.0_211.jdk/Contents/Home/jre/lib/jce.jar:/Library/Java/JavaVirtualMachines/jdk1.8.0_211.jdk/Contents/Home/jre/lib/charsets.jar:/Library/Java/JavaVirtualMachines/jdk1.8.0_211.jdk/Contents/Home/jre/lib/jfr.jar:/Library/Java/JavaVirtualMachines/jdk1.8.0_211.jdk/Contents/Home/jre/classes"/>
    <property name="sun.management.compiler" value="HotSpot 64-Bit Tiered Compilers"/>
    <property name="ftp.nonProxyHosts" value="local|*.local|169.254/16|*.169.254/16"/>
    <property name="java.runtime.version" value="1.8.0_211-b12"/>
    <property name="user.name" value="junaidkhan"/>
    <property name="path.separator" value=":"/>
    <property name="os.version" value="10.14.5"/>
    <property name="java.endorsed.dirs" value="/Library/Java/JavaVirtualMachines/jdk1.8.0_211.jdk/Contents/Home/jre/lib/endorsed"/>
    <property name="java.runtime.name" value="Java(TM) SE Runtime Environment"/>
    <property name="file.encoding" value="UTF-8"/>
    <property name="java.vm.name" value="Java HotSpot(TM) 64-Bit Server VM"/>
    <property name="localRepository" value="/Users/junaidkhan/.m2/repository"/>
    <property name="java.vendor.url.bug" value="http://bugreport.sun.com/bugreport/"/>
    <property name="java.io.tmpdir" value="/var/folders/4c/myhj4rmx58n70jsbrvf0gn640000gn/T/"/>
    <property name="java.version" value="1.8.0_211"/>
    <property name="user.dir" value="/Users/junaidkhan/Downloads/tutorials-master/spring-mvc-simple"/>
    <property name="os.arch" value="x86_64"/>
    <property name="java.vm.specification.name" value="Java Virtual Machine Specification"/>
    <property name="java.awt.printerjob" value="sun.lwawt.macosx.CPrinterJob"/>
    <property name="sun.os.patch.level" value="unknown"/>
    <property name="java.library.path" value="/Users/junaidkhan/Library/Java/Extensions:/Library/Java/Extensions:/Network/Library/Java/Extensions:/System/Library/Java/Extensions:/usr/lib/java:."/>
    <property name="java.vm.info" value="mixed mode"/>
    <property name="java.vendor" value="Oracle Corporation"/>
    <property name="java.vm.version" value="25.211-b12"/>
    <property name="java.ext.dirs" value="/Users/junaidkhan/Library/Java/Extensions:/Library/Java/JavaVirtualMachines/jdk1.8.0_211.jdk/Contents/Home/jre/lib/ext:/Library/Java/Extensions:/Network/Library/Java/Extensions:/System/Library/Java/Extensions:/usr/lib/java"/>
    <property name="sun.io.unicode.encoding" value="UnicodeBig"/>
    <property name="java.class.version" value="52.0"/>
    <property name="socksNonProxyHosts" value="local|*.local|169.254/16|*.169.254/16"/>
  </properties>
  <testcase name="whenSpringContextIsBootstrapped_thenNoExceptions" classname="com.baeldung.SpringContextTest" time="0.005"/>
</testsuite>